<?xml version="1.0" encoding="UTF-8"?>
<!-- Generated by org.testng.reporters.JUnitReportReporter -->
<testsuite hostname="localhost.localdomain" name="test.Auto_framework" tests="1" failures="0" timestamp="18 Apr 2016 12:42:18 GMT" time="0.443" errors="0">
  <testcase name="main" time="0.443" classname="test.Auto_framework"/>
</testsuite> <!-- test.Auto_framework -->
